<?xml version="1.0" encoding="UTF-8"?>
<testng-results ignored="0" total="1" passed="1" failed="0" skipped="0">
  <reporter-output>
  </reporter-output>
  <suite started-at="2025-02-17T18:38:39 EST" name="Suite" finished-at="2025-02-17T18:38:55 EST" duration-ms="16782">
    <groups>
    </groups>
    <test started-at="2025-02-17T18:38:39 EST" name="VerifyGlobalSearcBoxResults" finished-at="2025-02-17T18:38:55 EST" duration-ms="16782">
      <class name="TestCases.TC_VerifyGlobalSearcBoxResults">
        <test-method is-config="true" signature="setup(java.lang.String)[pri:0, instance:TestCases.TC_VerifyGlobalSearcBoxResults@4b6ac111]" started-at="2025-02-17T18:38:39 EST" name="setup" finished-at="2025-02-17T18:38:45 EST" duration-ms="6090" status="PASS">
          <params>
            <param index="0">
              <value>
                <![CDATA[chrome]]>
              </value>
            </param>
          </params>
          <reporter-output>
          </reporter-output>
        </test-method> <!-- setup -->
        <test-method signature="execution()[pri:0, instance:TestCases.TC_VerifyGlobalSearcBoxResults@4b6ac111]" started-at="2025-02-17T18:38:45 EST" name="execution" finished-at="2025-02-17T18:38:55 EST" duration-ms="10240" status="PASS">
          <reporter-output>
          </reporter-output>
        </test-method> <!-- execution -->
        <test-method is-config="true" signature="teardown()[pri:0, instance:TestCases.TC_VerifyGlobalSearcBoxResults@4b6ac111]" started-at="2025-02-17T18:38:55 EST" name="teardown" finished-at="2025-02-17T18:38:55 EST" duration-ms="385" status="PASS">
          <reporter-output>
          </reporter-output>
        </test-method> <!-- teardown -->
      </class> <!-- TestCases.TC_VerifyGlobalSearcBoxResults -->
    </test> <!-- VerifyGlobalSearcBoxResults -->
  </suite> <!-- Suite -->
</testng-results>
